Build started 11/17/2012 4:05:51 PM.
     1>Project "H:\EECS494FinalProject\zenilib\build\vs2010\game.vcxproj" on node 2 (build target(s)).
     1>InitializeBuildStatus:
         Creating "obj\x32\Release\game.unsuccessfulbuild" because "AlwaysCreate" was specified.
       PreBuildEvent:
         xcopy ..\..\dev\pc_ ..\.. /E /Y
         xcopy ..\..\jni\external\bin\x32 ..\..\bin\x32 /E /Y
         :VCEnd
         ..\..\dev\pc_\Info.plist
         ..\..\dev\pc_\Info_d.plist
         ..\..\dev\pc_\assets\icons\icon.png
         ..\..\dev\pc_\assets\sfx\104469__dkmedic__world.ogg
         ..\..\dev\pc_\Resources\Credits.rtf
         ..\..\dev\pc_\Resources\zenilib.icns
         6 File(s) copied
         ..\..\jni\external\bin\x32\msvcp100.dll
         ..\..\jni\external\bin\x32\msvcp110.dll
         ..\..\jni\external\bin\x32\msvcr100.dll
         ..\..\jni\external\bin\x32\msvcr110.dll
         ..\..\jni\external\bin\x32\OpenAL32.dll
         ..\..\jni\external\bin\x32\vccorlib110.dll
         6 File(s) copied
       ClCompile:
         All outputs are up-to-date.
       Link:
         All outputs are up-to-date.
         game.vcxproj -> H:\EECS494FinalProject\zenilib\build\vs2010\..\..\bin\x32\game.exe
       FinalizeBuildStatus:
         Deleting file "obj\x32\Release\game.unsuccessfulbuild".
         Touching "obj\x32\Release\game.lastbuildstate".
     1>Done Building Project "H:\EECS494FinalProject\zenilib\build\vs2010\game.vcxproj" (build target(s)).

Build succeeded.

Time Elapsed 00:00:11.68
