Build started 11/11/2012 8:28:07 PM.
     1>Project "H:\EECS494FinalProject\zenilib\build\vs2010\game.vcxproj" on node 2 (build target(s)).
     1>InitializeBuildStatus:
         Creating "obj\x32\Debug\game.unsuccessfulbuild" because "AlwaysCreate" was specified.
       PreBuildEvent:
         xcopy ..\..\dev\pc_ ..\.. /E /Y
         :VCEnd
         ..\..\dev\pc_\Info.plist
         ..\..\dev\pc_\Info_d.plist
         ..\..\dev\pc_\assets\icons\icon.png
         ..\..\dev\pc_\assets\sfx\104469__dkmedic__world.ogg
         ..\..\dev\pc_\Resources\Credits.rtf
         ..\..\dev\pc_\Resources\zenilib.icns
         6 File(s) copied
       ClCompile:
         C:\Program Files (x86)\Microsoft Visual Studio 10.0\VC\bin\CL.exe /c /I..\..\jni\application /I..\..\jni\external\zenilib /I..\..\jni\external\zenilib\zeni_rest /I..\..\jni\external\zenilib\zeni_graphics /I..\..\jni\external\zenilib\zeni_net /I..\..\jni\external\zenilib\zeni_core /I..\..\jni\external\zenilib\zeni_audio /I..\..\jni\external\libvorbis\include /I..\..\jni\external\libogg\include /I..\..\jni\external\zenilib\zeni /I..\..\jni\external\sdl_net /I..\..\jni\external\sdl /I..\..\jni\external\tinyxml /ZI /nologo /W4 /WX- /Od /Oy- /D _WINDOWS /D WIN32 /D _CRT_SECURE_NO_DEPRECATE /D _DEBUG /D DEBUG /D TEST_NASTY_CONDITIONS /D DISABLE_CPP11 /D GLEW_NO_GLU /D DISABLE_CG /D ZLIB_DLL /D "OGG_DLL=__declspec(dllimport)" /D "VORBIS_DLL=__declspec(dllimport)" /D "VORBISFILE_DLL=__declspec(dllimport)" /D "LIB3DSAPI=__declspec(dllimport)" /D "TINYXML_DLL=__declspec(dllimport)" /D TINYXML_EXT=extern /D "ZENI_DLL=__declspec(dllimport)" /D ZENI_EXT=extern /D "ZENI_AUDIO_DLL=__declspec(dllimport)" /D ZENI_AUDIO_EXT=extern /D "ZENI_CORE_DLL=__declspec(dllimport)" /D ZENI_CORE_EXT=extern /D "ZENI_GRAPHICS_DLL=__declspec(dllimport)" /D ZENI_GRAPHICS_EXT=extern /D "ZENI_NET_DLL=__declspec(dllimport)" /D ZENI_NET_EXT=extern /D "ZENI_REST_DLL=__declspec(dllimport)" /D ZENI_REST_EXT=extern /D ENABLE_XINPUT /D _MBCS /Gm /EHsc /RTCc /RTC1 /MDd /GS /Gy /fp:precise /Zc:wchar_t /Zc:forScope /Fo"obj\x32\Debug\\" /Fd"..\..\bin\d32\game.pdb" /Gd /TP /analyze- /errorReport:prompt "..\..\jni\application\Winter War Files\Permanent.cpp" "..\..\jni\application\Winter War Files\Snowman.cpp" "..\..\jni\application\Winter War Files\Structure.cpp" "..\..\jni\application\Winter War Files\Tile.cpp"
         Tile.cpp
         Structure.cpp
         Snowman.cpp
         Permanent.cpp
         Generating Code...
       ManifestResourceCompile:
         All outputs are up-to-date.
       Link:
         C:\Program Files (x86)\Microsoft Visual Studio 10.0\VC\bin\link.exe /ERRORREPORT:PROMPT /OUT:"..\..\bin\d32\game.exe" /INCREMENTAL /NOLOGO /LIBPATH:..\..\bin\d32 local_SDLmain_d.lib zeni_rest_d.lib zeni_graphics_d.lib zeni_net_d.lib zeni_core_d.lib zeni_audio_d.lib zeni_d.lib local_SDL_d.lib kernel32.lib user32.lib gdi32.lib winspool.lib comdlg32.lib advapi32.lib shell32.lib ole32.lib oleaut32.lib uuid.lib odbc32.lib odbccp32.lib /MANIFEST /ManifestFile:"obj\x32\Debug\game.exe.intermediate.manifest" /MANIFESTUAC:"level='asInvoker' uiAccess='false'" /DEBUG /PDB:"H:\EECS494FinalProject\zenilib\bin\d32\game.pdb" /SUBSYSTEM:WINDOWS /TLBID:1 /ENTRY:"mainCRTStartup" /DYNAMICBASE /NXCOMPAT /IMPLIB:"..\..\bin\d32\game.lib" /MACHINE:X86 obj\x32\Debug\game.exe.embed.manifest.res
         obj\x32\Debug\Component_Shape.obj
         obj\x32\Debug\Composite_Shape.obj
         obj\x32\Debug\Controller.obj
         obj\x32\Debug\Game_Model.obj
         obj\x32\Debug\Game_Object.obj
         obj\x32\Debug\Moveable.obj
         obj\x32\Debug\Permanent.obj
         obj\x32\Debug\Player.obj
         obj\x32\Debug\Renderable.obj
         obj\x32\Debug\Shape.obj
         obj\x32\Debug\Snowball.obj
         obj\x32\Debug\Snowman.obj
         obj\x32\Debug\Structure.obj
         obj\x32\Debug\Team.obj
         obj\x32\Debug\Tile.obj
         obj\x32\Debug\View.obj
         obj\x32\Debug\World.obj
         obj\x32\Debug\bootstrap.obj
         LINK : ..\..\bin\d32\game.exe not found or not built by the last incremental link; performing full link
       Manifest:
         c:\Program Files (x86)\Microsoft SDKs\Windows\v7.0A\bin\mt.exe /nologo /verbose /out:"obj\x32\Debug\game.exe.embed.manifest" /manifest obj\x32\Debug\game.exe.intermediate.manifest
         All outputs are up-to-date.
       LinkEmbedManifest:
         All outputs are up-to-date.
         game.vcxproj -> H:\EECS494FinalProject\zenilib\build\vs2010\..\..\bin\d32\game.exe
       FinalizeBuildStatus:
         Deleting file "obj\x32\Debug\game.unsuccessfulbuild".
         Touching "obj\x32\Debug\game.lastbuildstate".
     1>Done Building Project "H:\EECS494FinalProject\zenilib\build\vs2010\game.vcxproj" (build target(s)).

Build succeeded.

Time Elapsed 00:00:24.06
